[0.018s] Invoking command in '/home/hunajpu/trabajo_terminal/ros2_ur_driver/build/transmission_interface': AMENT_PREFIX_PATH=/home/hunajpu/trabajo_terminal/ros2_ur_driver/install/hardware_interface:/home/hunajpu/trabajo_terminal/ros2_ur_driver/install/control_msgs:${AMENT_PREFIX_PATH} CMAKE_PREFIX_PATH=/home/hunajpu/trabajo_terminal/ros2_ur_driver/install/hardware_interface:/home/hunajpu/trabajo_terminal/ros2_ur_driver/install/control_msgs:/opt/ros/foxy LD_LIBRARY_PATH=/home/hunajpu/trabajo_terminal/ros2_ur_driver/install/hardware_interface/lib:/home/hunajpu/trabajo_terminal/ros2_ur_driver/install/control_msgs/lib:${LD_LIBRARY_PATH} PYTHONPATH=/home/hunajpu/trabajo_terminal/ros2_ur_driver/install/control_msgs/lib/python3.8/site-packages:${PYTHONPATH} /usr/bin/cmake /home/hunajpu/trabajo_terminal/ros2_ur_driver/src/ros2_control/transmission_interface -DCMAKE_BUILD_TYPE=Release -DCMAKE_INSTALL_PREFIX=/home/hunajpu/trabajo_terminal/ros2_ur_driver/install/transmission_interface
[0.078s] -- The C compiler identification is GNU 9.4.0
[0.137s] -- The CXX compiler identification is GNU 9.4.0
[0.142s] -- Check for working C compiler: /usr/bin/cc
[0.233s] -- Check for working C compiler: /usr/bin/cc -- works
[0.234s] -- Detecting C compiler ABI info
[0.307s] -- Detecting C compiler ABI info - done
[0.332s] -- Detecting C compile features
[0.332s] -- Detecting C compile features - done
[0.336s] -- Check for working CXX compiler: /usr/bin/c++
[0.419s] -- Check for working CXX compiler: /usr/bin/c++ -- works
[0.421s] -- Detecting CXX compiler ABI info
[0.511s] -- Detecting CXX compiler ABI info - done
[0.525s] -- Detecting CXX compile features
[0.525s] -- Detecting CXX compile features - done
[0.528s] -- Found ament_cmake: 0.9.9 (/opt/ros/foxy/share/ament_cmake/cmake)
[0.554s] -- Found PythonInterp: /usr/bin/python3 (found suitable version "3.8.10", minimum required is "3") 
[0.554s] -- Using PYTHON_EXECUTABLE: /usr/bin/python3
[0.782s] -- Found hardware_interface: 2.4.0 (/home/hunajpu/trabajo_terminal/ros2_ur_driver/install/hardware_interface/share/hardware_interface/cmake)
[0.817s] -- Using all available rosidl_typesupport_c: rosidl_typesupport_fastrtps_c;rosidl_typesupport_introspection_c
[0.824s] -- Found rosidl_adapter: 1.2.1 (/opt/ros/foxy/share/rosidl_adapter/cmake)
[0.905s] -- Found OpenSSL: /usr/lib/x86_64-linux-gnu/libcrypto.so (found version "1.1.1f")  
[0.945s] -- Found FastRTPS: /opt/ros/foxy/include  
[1.033s] -- Using all available rosidl_typesupport_cpp: rosidl_typesupport_fastrtps_cpp;rosidl_typesupport_introspection_cpp
[1.627s] -- Found rclcpp: 2.4.1 (/opt/ros/foxy/share/rclcpp/cmake)
[1.678s] -- Found rmw_implementation_cmake: 1.0.3 (/opt/ros/foxy/share/rmw_implementation_cmake/cmake)
[1.680s] -- Using RMW implementation 'rmw_fastrtps_cpp' as default
[1.681s] -- Looking for pthread.h
[1.751s] -- Looking for pthread.h - found
[1.752s] -- Performing Test CMAKE_HAVE_LIBC_PTHREAD
[1.830s] -- Performing Test CMAKE_HAVE_LIBC_PTHREAD - Failed
[1.830s] -- Looking for pthread_create in pthreads
[1.888s] -- Looking for pthread_create in pthreads - not found
[1.888s] -- Looking for pthread_create in pthread
[1.959s] -- Looking for pthread_create in pthread - found
[1.961s] -- Found Threads: TRUE  
[2.206s] -- Found ament_cmake_gmock: 0.9.9 (/opt/ros/foxy/share/ament_cmake_gmock/cmake)
[2.208s] -- Found ament_lint_auto: 0.9.6 (/opt/ros/foxy/share/ament_lint_auto/cmake)
[2.300s] -- Found gmock sources under '/opt/ros/foxy/src/gmock_vendor': C++ tests using 'Google Mock' will be built
[2.304s] -- Found ament_cmake_gtest: 0.9.9 (/opt/ros/foxy/share/ament_cmake_gtest/cmake)
[2.306s] -- Found gtest sources under '/opt/ros/foxy/src/gtest_vendor': C++ tests using 'Google Test' will be built
[2.364s] -- Added test 'copyright' to check source files copyright and LICENSE
[2.366s] -- Added test 'cppcheck' to perform static code analysis on C / C++ code
[2.367s] -- Configured cppcheck include dirs: /home/hunajpu/trabajo_terminal/ros2_ur_driver/src/ros2_control/transmission_interface/include;/home/hunajpu/trabajo_terminal/ros2_ur_driver/src/ros2_control/transmission_interface/hardware_interface
[2.367s] -- Configured cppcheck exclude dirs and/or files: 
[2.368s] -- Added test 'lint_cmake' to check CMake code style
[2.369s] -- Added test 'xmllint' to check XML markup files
[2.374s] -- Configuring done
[2.444s] -- Generating done
[2.447s] -- Build files have been written to: /home/hunajpu/trabajo_terminal/ros2_ur_driver/build/transmission_interface
[2.456s] Invoked command in '/home/hunajpu/trabajo_terminal/ros2_ur_driver/build/transmission_interface' returned '0': AMENT_PREFIX_PATH=/home/hunajpu/trabajo_terminal/ros2_ur_driver/install/hardware_interface:/home/hunajpu/trabajo_terminal/ros2_ur_driver/install/control_msgs:${AMENT_PREFIX_PATH} CMAKE_PREFIX_PATH=/home/hunajpu/trabajo_terminal/ros2_ur_driver/install/hardware_interface:/home/hunajpu/trabajo_terminal/ros2_ur_driver/install/control_msgs:/opt/ros/foxy LD_LIBRARY_PATH=/home/hunajpu/trabajo_terminal/ros2_ur_driver/install/hardware_interface/lib:/home/hunajpu/trabajo_terminal/ros2_ur_driver/install/control_msgs/lib:${LD_LIBRARY_PATH} PYTHONPATH=/home/hunajpu/trabajo_terminal/ros2_ur_driver/install/control_msgs/lib/python3.8/site-packages:${PYTHONPATH} /usr/bin/cmake /home/hunajpu/trabajo_terminal/ros2_ur_driver/src/ros2_control/transmission_interface -DCMAKE_BUILD_TYPE=Release -DCMAKE_INSTALL_PREFIX=/home/hunajpu/trabajo_terminal/ros2_ur_driver/install/transmission_interface
[2.459s] Invoking command in '/home/hunajpu/trabajo_terminal/ros2_ur_driver/build/transmission_interface': AMENT_PREFIX_PATH=/home/hunajpu/trabajo_terminal/ros2_ur_driver/install/hardware_interface:/home/hunajpu/trabajo_terminal/ros2_ur_driver/install/control_msgs:${AMENT_PREFIX_PATH} CMAKE_PREFIX_PATH=/home/hunajpu/trabajo_terminal/ros2_ur_driver/install/hardware_interface:/home/hunajpu/trabajo_terminal/ros2_ur_driver/install/control_msgs:/opt/ros/foxy LD_LIBRARY_PATH=/home/hunajpu/trabajo_terminal/ros2_ur_driver/install/hardware_interface/lib:/home/hunajpu/trabajo_terminal/ros2_ur_driver/install/control_msgs/lib:${LD_LIBRARY_PATH} PYTHONPATH=/home/hunajpu/trabajo_terminal/ros2_ur_driver/install/control_msgs/lib/python3.8/site-packages:${PYTHONPATH} /usr/bin/cmake --build /home/hunajpu/trabajo_terminal/ros2_ur_driver/build/transmission_interface -- -j8 -l8
[2.508s] [35m[1mScanning dependencies of target gmock[0m
[2.508s] [35m[1mScanning dependencies of target transmission_interface[0m
[2.510s] [35m[1mScanning dependencies of target gmock_main[0m
[2.567s] [  6%] [32mBuilding CXX object gmock/CMakeFiles/gmock_main.dir/src/gmock_main.cc.o[0m
[2.578s] [ 13%] [32mBuilding CXX object gmock/CMakeFiles/gmock.dir/opt/ros/foxy/src/gtest_vendor/src/gtest-all.cc.o[0m
[2.594s] [ 20%] [32mBuilding CXX object gmock/CMakeFiles/gmock.dir/src/gmock-all.cc.o[0m
[2.621s] [ 26%] [32mBuilding CXX object CMakeFiles/transmission_interface.dir/src/simple_transmission_loader.cpp.o[0m
[6.791s] [ 33%] [32m[1mLinking CXX static library libgmock_main.a[0m
[7.005s] [ 33%] Built target gmock_main
[14.336s] [ 40%] [32m[1mLinking CXX shared library libtransmission_interface.so[0m
[14.808s] [ 40%] Built target transmission_interface
[20.255s] [ 46%] [32m[1mLinking CXX static library libgmock.a[0m
[20.299s] [ 46%] Built target gmock
[20.316s] [35m[1mScanning dependencies of target test_differential_transmission[0m
[20.317s] [35m[1mScanning dependencies of target test_simple_transmission[0m
[20.317s] [35m[1mScanning dependencies of target test_four_bar_linkage_transmission[0m
[20.317s] [35m[1mScanning dependencies of target test_simple_transmission_loader[0m
[20.361s] [ 60%] [32mBuilding CXX object CMakeFiles/test_simple_transmission.dir/test/simple_transmission_test.cpp.o[0m
[20.361s] [ 60%] [32mBuilding CXX object CMakeFiles/test_four_bar_linkage_transmission.dir/test/four_bar_linkage_transmission_test.cpp.o[0m
[20.363s] [ 66%] [32mBuilding CXX object CMakeFiles/test_differential_transmission.dir/test/differential_transmission_test.cpp.o[0m
[20.377s] [ 73%] [32mBuilding CXX object CMakeFiles/test_simple_transmission_loader.dir/test/simple_transmission_loader_test.cpp.o[0m
[22.135s] [01m[K/home/hunajpu/trabajo_terminal/ros2_ur_driver/src/ros2_control/transmission_interface/test/simple_transmission_test.cpp:162:25:[m[K [01;31m[Kerror: [m[Kexpected constructor, destructor, or type conversion before â€˜[01m[K([m[Kâ€™ token
[22.135s]   162 | INSTANTIATE_TEST_SUITE_P[01;31m[K([m[K
[22.135s]       |                         [01;31m[K^[m[K
[22.739s] make[2]: *** [CMakeFiles/test_simple_transmission.dir/build.make:63: CMakeFiles/test_simple_transmission.dir/test/simple_transmission_test.cpp.o] Error 1
[22.740s] make[1]: *** [CMakeFiles/Makefile2:211: CMakeFiles/test_simple_transmission.dir/all] Error 2
[22.740s] make[1]: *** Waiting for unfinished jobs....
[28.045s] [ 80%] [32m[1mLinking CXX executable test_four_bar_linkage_transmission[0m
[28.145s] [ 86%] [32m[1mLinking CXX executable test_differential_transmission[0m
[28.227s] [ 86%] Built target test_four_bar_linkage_transmission
[28.320s] [ 86%] Built target test_differential_transmission
[31.673s] [ 93%] [32m[1mLinking CXX executable test_simple_transmission_loader[0m
[31.829s] [ 93%] Built target test_simple_transmission_loader
[31.831s] make: *** [Makefile:141: all] Error 2
